2015-03-17 19:27:47 INFO  ContextLoader:285 - Root WebApplicationContext: initialization started
2015-03-17 19:27:47 INFO  AnnotationConfigWebApplicationContext:510 - Refreshing Root WebApplicationContext: startup date [Tue Mar 17 19:27:47 IST 2015]; root of context hierarchy
2015-03-17 19:27:47 INFO  AnnotationConfigWebApplicationContext:228 - Successfully resolved class for [com.ziffi.config.AppConfigurer]
2015-03-17 19:27:47 INFO  AutowiredAnnotationBeanPostProcessor:153 - JSR-330 'javax.inject.Inject' annotation found and supported for autowiring
2015-03-17 19:27:47 INFO  DriverManagerDataSource:133 - Loaded JDBC driver: com.mysql.jdbc.Driver
2015-03-17 19:27:47 INFO  Version:66 - HCANN000001: Hibernate Commons Annotations {4.0.5.Final}
2015-03-17 19:27:47 INFO  Version:54 - HHH000412: Hibernate Core {4.3.8.Final}
2015-03-17 19:27:47 INFO  Environment:239 - HHH000206: hibernate.properties not found
2015-03-17 19:27:47 INFO  Environment:346 - HHH000021: Bytecode provider name : javassist
2015-03-17 19:27:48 INFO  Dialect:145 - HHH000400: Using dialect: org.hibernate.dialect.MySQL5Dialect
2015-03-17 19:27:48 INFO  TransactionFactoryInitiator:62 - HHH000399: Using default transaction strategy (direct JDBC transactions)
2015-03-17 19:27:48 INFO  ASTQueryTranslatorFactory:47 - HHH000397: Using ASTQueryTranslatorFactory
2015-03-17 19:27:48 INFO  Version:27 - HV000001: Hibernate Validator 5.1.3.Final
2015-03-17 19:27:48 INFO  RequestMappingHandlerMapping:220 - Mapped "{[/],methods=[GET],params=[],headers=[],consumes=[],produces=[],custom=[]}" onto public org.springframework.web.servlet.ModelAndView com.ziffi.controller.LoginController.showLogin()
2015-03-17 19:27:48 INFO  RequestMappingHandlerAdapter:518 - Looking for @ControllerAdvice: Root WebApplicationContext: startup date [Tue Mar 17 19:27:47 IST 2015]; root of context hierarchy
2015-03-17 19:27:48 INFO  AppConfigurer:27 -  : viewResolver  -  start
2015-03-17 19:27:48 INFO  AppConfigurer:29 -  : viewResolver  -  end
2015-03-17 19:27:48 INFO  ContextLoader:325 - Root WebApplicationContext: initialization completed in 1280 ms
2015-03-17 19:27:48 INFO  DispatcherServlet:484 - FrameworkServlet 'ziffi': initialization started
2015-03-17 19:27:48 INFO  AnnotationConfigWebApplicationContext:510 - Refreshing WebApplicationContext for namespace 'ziffi-servlet': startup date [Tue Mar 17 19:27:48 IST 2015]; parent: Root WebApplicationContext
2015-03-17 19:27:48 INFO  AutowiredAnnotationBeanPostProcessor:153 - JSR-330 'javax.inject.Inject' annotation found and supported for autowiring
2015-03-17 19:27:48 INFO  DispatcherServlet:503 - FrameworkServlet 'ziffi': initialization completed in 20 ms
2015-03-17 19:45:53 INFO  AnnotationConfigWebApplicationContext:862 - Closing WebApplicationContext for namespace 'ziffi-servlet': startup date [Tue Mar 17 19:27:48 IST 2015]; parent: Root WebApplicationContext
2015-03-17 19:45:53 INFO  AnnotationConfigWebApplicationContext:862 - Closing Root WebApplicationContext: startup date [Tue Mar 17 19:27:47 IST 2015]; root of context hierarchy
